0 verbose cli /home/marcel/.nvm/versions/node/v24.11.0/bin/node /home/marcel/.nvm/versions/node/v24.11.0/bin/npm
1 info using npm@11.6.1
2 info using node@v24.11.0
3 silly config load:file:/home/marcel/.nvm/versions/node/v24.11.0/lib/node_modules/npm/npmrc
4 silly config load:file:/home/marcel/src/o-ojcu/.npmrc
5 silly config load:file:/home/marcel/.npmrc
6 silly config load:file:/home/marcel/.nvm/versions/node/v24.11.0/etc/npmrc
7 verbose title npm install remark-gfm
8 verbose argv "install" "remark-gfm" "--cache" "/home/marcel/src/o-ojcu/.tmp/npm-cache"
9 verbose logfile logs-max:10 dir:/home/marcel/src/o-ojcu/.tmp/npm-cache/_logs/2025-12-17T11_29_12_969Z-
10 verbose logfile /home/marcel/src/o-ojcu/.tmp/npm-cache/_logs/2025-12-17T11_29_12_969Z-debug-0.log
11 silly logfile done cleaning log files
12 silly packumentCache heap:4496293888 maxSize:1124073472 maxEntrySize:562036736
13 silly idealTree buildDeps
14 silly fetch manifest remark-gfm@*
15 silly packumentCache full:https://registry.npmjs.org/remark-gfm cache-miss
16 http fetch GET 200 https://registry.npmjs.org/remark-gfm 232ms (cache miss)
17 silly packumentCache full:https://registry.npmjs.org/remark-gfm set size:undefined disposed:false
18 silly placeDep ROOT remark-gfm@4.0.1 OK for: o-ojcu@0.1.0 want: *
19 silly fetch manifest mdast-util-gfm@^3.0.0
20 silly packumentCache full:https://registry.npmjs.org/mdast-util-gfm cache-miss
21 silly fetch manifest micromark-extension-gfm@^3.0.0
22 silly packumentCache full:https://registry.npmjs.org/micromark-extension-gfm cache-miss
23 silly fetch manifest remark-stringify@^11.0.0
24 silly packumentCache full:https://registry.npmjs.org/remark-stringify cache-miss
25 http fetch GET 200 https://registry.npmjs.org/npm 499ms
26 http fetch GET 200 https://registry.npmjs.org/mdast-util-gfm 52ms (cache miss)
27 silly packumentCache full:https://registry.npmjs.org/mdast-util-gfm set size:undefined disposed:false
28 http fetch GET 200 https://registry.npmjs.org/micromark-extension-gfm 141ms (cache miss)
29 silly packumentCache full:https://registry.npmjs.org/micromark-extension-gfm set size:undefined disposed:false
30 http fetch GET 200 https://registry.npmjs.org/remark-stringify 155ms (cache miss)
31 silly packumentCache full:https://registry.npmjs.org/remark-stringify set size:undefined disposed:false
32 silly placeDep ROOT mdast-util-gfm@3.1.0 OK for: remark-gfm@4.0.1 want: ^3.0.0
33 silly placeDep ROOT micromark-extension-gfm@3.0.0 OK for: remark-gfm@4.0.1 want: ^3.0.0
34 silly placeDep ROOT remark-stringify@11.0.0 OK for: remark-gfm@4.0.1 want: ^11.0.0
35 silly fetch manifest mdast-util-gfm-autolink-literal@^2.0.0
36 silly packumentCache full:https://registry.npmjs.org/mdast-util-gfm-autolink-literal cache-miss
37 silly fetch manifest mdast-util-gfm-footnote@^2.0.0
38 silly packumentCache full:https://registry.npmjs.org/mdast-util-gfm-footnote cache-miss
39 silly fetch manifest mdast-util-gfm-strikethrough@^2.0.0
40 silly packumentCache full:https://registry.npmjs.org/mdast-util-gfm-strikethrough cache-miss
41 silly fetch manifest mdast-util-gfm-table@^2.0.0
42 silly packumentCache full:https://registry.npmjs.org/mdast-util-gfm-table cache-miss
43 silly fetch manifest mdast-util-gfm-task-list-item@^2.0.0
44 silly packumentCache full:https://registry.npmjs.org/mdast-util-gfm-task-list-item cache-miss
45 silly fetch manifest micromark-extension-gfm-autolink-literal@^2.0.0
46 silly packumentCache full:https://registry.npmjs.org/micromark-extension-gfm-autolink-literal cache-miss
47 silly fetch manifest micromark-extension-gfm-footnote@^2.0.0
48 silly packumentCache full:https://registry.npmjs.org/micromark-extension-gfm-footnote cache-miss
49 silly fetch manifest micromark-extension-gfm-strikethrough@^2.0.0
50 silly packumentCache full:https://registry.npmjs.org/micromark-extension-gfm-strikethrough cache-miss
51 silly fetch manifest micromark-extension-gfm-table@^2.0.0
52 silly packumentCache full:https://registry.npmjs.org/micromark-extension-gfm-table cache-miss
53 silly fetch manifest micromark-extension-gfm-tagfilter@^2.0.0
54 silly packumentCache full:https://registry.npmjs.org/micromark-extension-gfm-tagfilter cache-miss
55 silly fetch manifest micromark-extension-gfm-task-list-item@^2.0.0
56 silly packumentCache full:https://registry.npmjs.org/micromark-extension-gfm-task-list-item cache-miss
57 http fetch GET 200 https://registry.npmjs.org/mdast-util-gfm-strikethrough 73ms (cache miss)
58 silly packumentCache full:https://registry.npmjs.org/mdast-util-gfm-strikethrough set size:undefined disposed:false
59 http fetch GET 200 https://registry.npmjs.org/mdast-util-gfm-table 88ms (cache miss)
60 silly packumentCache full:https://registry.npmjs.org/mdast-util-gfm-table set size:undefined disposed:false
61 http fetch GET 200 https://registry.npmjs.org/mdast-util-gfm-autolink-literal 92ms (cache miss)
62 silly packumentCache full:https://registry.npmjs.org/mdast-util-gfm-autolink-literal set size:undefined disposed:false
63 http fetch GET 200 https://registry.npmjs.org/mdast-util-gfm-footnote 96ms (cache miss)
64 silly packumentCache full:https://registry.npmjs.org/mdast-util-gfm-footnote set size:undefined disposed:false
65 http fetch GET 200 https://registry.npmjs.org/micromark-extension-gfm-footnote 180ms (cache miss)
66 silly packumentCache full:https://registry.npmjs.org/micromark-extension-gfm-footnote set size:undefined disposed:false
67 http fetch GET 200 https://registry.npmjs.org/micromark-extension-gfm-tagfilter 179ms (cache miss)
68 silly packumentCache full:https://registry.npmjs.org/micromark-extension-gfm-tagfilter set size:undefined disposed:false
69 http fetch GET 200 https://registry.npmjs.org/mdast-util-gfm-task-list-item 184ms (cache miss)
70 silly packumentCache full:https://registry.npmjs.org/mdast-util-gfm-task-list-item set size:undefined disposed:false
71 http fetch GET 200 https://registry.npmjs.org/micromark-extension-gfm-task-list-item 181ms (cache miss)
72 silly packumentCache full:https://registry.npmjs.org/micromark-extension-gfm-task-list-item set size:undefined disposed:false
73 http fetch GET 200 https://registry.npmjs.org/micromark-extension-gfm-table 186ms (cache miss)
74 silly packumentCache full:https://registry.npmjs.org/micromark-extension-gfm-table set size:undefined disposed:false
75 http fetch GET 200 https://registry.npmjs.org/micromark-extension-gfm-autolink-literal 190ms (cache miss)
76 silly packumentCache full:https://registry.npmjs.org/micromark-extension-gfm-autolink-literal set size:undefined disposed:false
77 http fetch GET 200 https://registry.npmjs.org/micromark-extension-gfm-strikethrough 190ms (cache miss)
78 silly packumentCache full:https://registry.npmjs.org/micromark-extension-gfm-strikethrough set size:undefined disposed:false
79 silly placeDep ROOT mdast-util-gfm-autolink-literal@2.0.1 OK for: mdast-util-gfm@3.1.0 want: ^2.0.0
80 silly placeDep ROOT mdast-util-gfm-footnote@2.1.0 OK for: mdast-util-gfm@3.1.0 want: ^2.0.0
81 silly placeDep ROOT mdast-util-gfm-strikethrough@2.0.0 OK for: mdast-util-gfm@3.1.0 want: ^2.0.0
82 silly placeDep ROOT mdast-util-gfm-table@2.0.0 OK for: mdast-util-gfm@3.1.0 want: ^2.0.0
83 silly placeDep ROOT mdast-util-gfm-task-list-item@2.0.0 OK for: mdast-util-gfm@3.1.0 want: ^2.0.0
84 silly fetch manifest mdast-util-find-and-replace@^3.0.0
85 silly packumentCache full:https://registry.npmjs.org/mdast-util-find-and-replace cache-miss
86 silly fetch manifest markdown-table@^3.0.0
87 silly packumentCache full:https://registry.npmjs.org/markdown-table cache-miss
88 http fetch GET 200 https://registry.npmjs.org/mdast-util-find-and-replace 54ms (cache miss)
89 silly packumentCache full:https://registry.npmjs.org/mdast-util-find-and-replace set size:undefined disposed:false
90 http fetch GET 200 https://registry.npmjs.org/markdown-table 57ms (cache miss)
91 silly packumentCache full:https://registry.npmjs.org/markdown-table set size:undefined disposed:false
92 silly placeDep ROOT mdast-util-find-and-replace@3.0.2 OK for: mdast-util-gfm-autolink-literal@2.0.1 want: ^3.0.0
93 silly fetch manifest escape-string-regexp@^5.0.0
94 silly packumentCache full:https://registry.npmjs.org/escape-string-regexp cache-miss
95 http fetch GET 200 https://registry.npmjs.org/escape-string-regexp 48ms (cache miss)
96 silly packumentCache full:https://registry.npmjs.org/escape-string-regexp set size:undefined disposed:false
97 silly placeDep node_modules/mdast-util-find-and-replace escape-string-regexp@5.0.0 OK for: mdast-util-find-and-replace@3.0.2 want: ^5.0.0
98 silly placeDep ROOT markdown-table@3.0.4 OK for: mdast-util-gfm-table@2.0.0 want: ^3.0.0
99 silly placeDep ROOT micromark-extension-gfm-autolink-literal@2.1.0 OK for: micromark-extension-gfm@3.0.0 want: ^2.0.0
100 silly placeDep ROOT micromark-extension-gfm-footnote@2.1.0 OK for: micromark-extension-gfm@3.0.0 want: ^2.0.0
101 silly placeDep ROOT micromark-extension-gfm-strikethrough@2.1.0 OK for: micromark-extension-gfm@3.0.0 want: ^2.0.0
102 silly placeDep ROOT micromark-extension-gfm-table@2.1.1 OK for: micromark-extension-gfm@3.0.0 want: ^2.0.0
103 silly placeDep ROOT micromark-extension-gfm-tagfilter@2.0.0 OK for: micromark-extension-gfm@3.0.0 want: ^2.0.0
104 silly placeDep ROOT micromark-extension-gfm-task-list-item@2.1.0 OK for: micromark-extension-gfm@3.0.0 want: ^2.0.0
105 silly reify moves {}
106 silly audit bulk request {
106 silly audit   '@alloc/quick-lru': [ '5.2.0' ],
106 silly audit   '@babel/code-frame': [ '7.27.1' ],
106 silly audit   '@babel/compat-data': [ '7.28.5' ],
106 silly audit   '@babel/core': [ '7.28.5' ],
106 silly audit   '@babel/generator': [ '7.28.5' ],
106 silly audit   '@babel/helper-compilation-targets': [ '7.27.2' ],
106 silly audit   '@babel/helper-globals': [ '7.28.0' ],
106 silly audit   '@babel/helper-module-imports': [ '7.27.1' ],
106 silly audit   '@babel/helper-module-transforms': [ '7.28.3' ],
106 silly audit   '@babel/helper-string-parser': [ '7.27.1' ],
106 silly audit   '@babel/helper-validator-identifier': [ '7.28.5' ],
106 silly audit   '@babel/helper-validator-option': [ '7.27.1' ],
106 silly audit   '@babel/helpers': [ '7.28.4' ],
106 silly audit   '@babel/parser': [ '7.28.5' ],
106 silly audit   '@babel/template': [ '7.27.2' ],
106 silly audit   '@babel/traverse': [ '7.28.5' ],
106 silly audit   '@babel/types': [ '7.28.5' ],
106 silly audit   '@emnapi/core': [ '1.7.1' ],
106 silly audit   '@emnapi/runtime': [ '1.7.1' ],
106 silly audit   '@emnapi/wasi-threads': [ '1.1.0' ],
106 silly audit   '@eslint-community/eslint-utils': [ '4.9.0' ],
106 silly audit   'eslint-visitor-keys': [ '3.4.3', '4.2.1' ],
106 silly audit   '@eslint-community/regexpp': [ '4.12.2' ],
106 silly audit   '@eslint/config-array': [ '0.21.1' ],
106 silly audit   '@eslint/config-helpers': [ '0.4.2' ],
106 silly audit   '@eslint/core': [ '0.17.0' ],
106 silly audit   '@eslint/eslintrc': [ '3.3.3' ],
106 silly audit   '@eslint/js': [ '9.39.2' ],
106 silly audit   '@eslint/object-schema': [ '2.1.7' ],
106 silly audit   '@eslint/plugin-kit': [ '0.4.1' ],
106 silly audit   '@humanfs/core': [ '0.19.1' ],
106 silly audit   '@humanfs/node': [ '0.16.7' ],
106 silly audit   '@humanwhocodes/module-importer': [ '1.0.1' ],
106 silly audit   '@humanwhocodes/retry': [ '0.4.3' ],
106 silly audit   '@img/colour': [ '1.0.0' ],
106 silly audit   '@img/sharp-darwin-arm64': [ '0.34.5' ],
106 silly audit   '@img/sharp-darwin-x64': [ '0.34.5' ],
106 silly audit   '@img/sharp-libvips-darwin-arm64': [ '1.2.4' ],
106 silly audit   '@img/sharp-libvips-darwin-x64': [ '1.2.4' ],
106 silly audit   '@img/sharp-libvips-linux-arm': [ '1.2.4' ],
106 silly audit   '@img/sharp-libvips-linux-arm64': [ '1.2.4' ],
106 silly audit   '@img/sharp-libvips-linux-ppc64': [ '1.2.4' ],
106 silly audit   '@img/sharp-libvips-linux-riscv64': [ '1.2.4' ],
106 silly audit   '@img/sharp-libvips-linux-s390x': [ '1.2.4' ],
106 silly audit   '@img/sharp-libvips-linux-x64': [ '1.2.4' ],
106 silly audit   '@img/sharp-libvips-linuxmusl-arm64': [ '1.2.4' ],
106 silly audit   '@img/sharp-libvips-linuxmusl-x64': [ '1.2.4' ],
106 silly audit   '@img/sharp-linux-arm': [ '0.34.5' ],
106 silly audit   '@img/sharp-linux-arm64': [ '0.34.5' ],
106 silly audit   '@img/sharp-linux-ppc64': [ '0.34.5' ],
106 silly audit   '@img/sharp-linux-riscv64': [ '0.34.5' ],
106 silly audit   '@img/sharp-linux-s390x': [ '0.34.5' ],
106 silly audit   '@img/sharp-linux-x64': [ '0.34.5' ],
106 silly audit   '@img/sharp-linuxmusl-arm64': [ '0.34.5' ],
106 silly audit   '@img/sharp-linuxmusl-x64': [ '0.34.5' ],
106 silly audit   '@img/sharp-wasm32': [ '0.34.5' ],
106 silly audit   '@img/sharp-win32-arm64': [ '0.34.5' ],
106 silly audit   '@img/sharp-win32-ia32': [ '0.34.5' ],
106 silly audit   '@img/sharp-win32-x64': [ '0.34.5' ],
106 silly audit   '@jridgewell/gen-mapping': [ '0.3.13' ],
106 silly audit   '@jridgewell/remapping': [ '2.3.5' ],
106 silly audit   '@jridgewell/resolve-uri': [ '3.1.2' ],
106 silly audit   '@jridgewell/sourcemap-codec': [ '1.5.5' ],
106 silly audit   '@jridgewell/trace-mapping': [ '0.3.31' ],
106 silly audit   '@napi-rs/wasm-runtime': [ '0.2.12', '1.1.0' ],
106 silly audit   '@next/env': [ '16.0.10' ],
106 silly audit   '@next/eslint-plugin-next': [ '16.0.10' ],
106 silly audit   '@next/swc-darwin-arm64': [ '16.0.10' ],
106 silly audit   '@next/swc-darwin-x64': [ '16.0.10' ],
106 silly audit   '@next/swc-linux-arm64-gnu': [ '16.0.10' ],
106 silly audit   '@next/swc-linux-arm64-musl': [ '16.0.10' ],
106 silly audit   '@next/swc-linux-x64-gnu': [ '16.0.10' ],
106 silly audit   '@next/swc-linux-x64-musl': [ '16.0.10' ],
106 silly audit   '@next/swc-win32-arm64-msvc': [ '16.0.10' ],
106 silly audit   '@next/swc-win32-x64-msvc': [ '16.0.10' ],
106 silly audit   '@nodelib/fs.scandir': [ '2.1.5' ],
106 silly audit   '@nodelib/fs.stat': [ '2.0.5' ],
106 silly audit   '@nodelib/fs.walk': [ '1.2.8' ],
106 silly audit   '@nolyfill/is-core-module': [ '1.0.39' ],
106 silly audit   '@phosphor-icons/react': [ '2.1.10' ],
106 silly audit   '@rtsao/scc': [ '1.1.0' ],
106 silly audit   '@swc/helpers': [ '0.5.15' ],
106 silly audit   '@tailwindcss/node': [ '4.1.18' ],
106 silly audit   '@tailwindcss/oxide': [ '4.1.18' ],
106 silly audit   '@tailwindcss/oxide-android-arm64': [ '4.1.18' ],
106 silly audit   '@tailwindcss/oxide-darwin-arm64': [ '4.1.18' ],
106 silly audit   '@tailwindcss/oxide-darwin-x64': [ '4.1.18' ],
106 silly audit   '@tailwindcss/oxide-freebsd-x64': [ '4.1.18' ],
106 silly audit   '@tailwindcss/oxide-linux-arm-gnueabihf': [ '4.1.18' ],
106 silly audit   '@tailwindcss/oxide-linux-arm64-gnu': [ '4.1.18' ],
106 silly audit   '@tailwindcss/oxide-linux-arm64-musl': [ '4.1.18' ],
106 silly audit   '@tailwindcss/oxide-linux-x64-gnu': [ '4.1.18' ],
106 silly audit   '@tailwindcss/oxide-linux-x64-musl': [ '4.1.18' ],
106 silly audit   '@tailwindcss/oxide-wasm32-wasi': [ '4.1.18' ],
106 silly audit   '@tybys/wasm-util': [ '0.10.1' ],
106 silly audit   tslib: [ '2.8.1' ],
106 silly audit   '@tailwindcss/oxide-win32-arm64-msvc': [ '4.1.18' ],
106 silly audit   '@tailwindcss/oxide-win32-x64-msvc': [ '4.1.18' ],
106 silly audit   '@tailwindcss/postcss': [ '4.1.18' ],
106 silly audit   '@types/debug': [ '4.1.12' ],
106 silly audit   '@types/estree': [ '1.0.8' ],
106 silly audit   '@types/estree-jsx': [ '1.0.5' ],
106 silly audit   '@types/hast': [ '3.0.4' ],
106 silly audit   '@types/json-schema': [ '7.0.15' ],
106 silly audit   '@types/json5': [ '0.0.29' ],
106 silly audit   '@types/mdast': [ '4.0.4' ],
106 silly audit   '@types/ms': [ '2.1.0' ],
106 silly audit   '@types/node': [ '20.19.26' ],
106 silly audit   '@types/react': [ '19.2.7' ],
106 silly audit   '@types/react-dom': [ '19.2.3' ],
106 silly audit   '@types/unist': [ '3.0.3', '2.0.11' ],
106 silly audit   '@typescript-eslint/eslint-plugin': [ '8.49.0' ],
106 silly audit   ignore: [ '7.0.5', '5.3.2' ],
106 silly audit   '@typescript-eslint/parser': [ '8.49.0' ],
106 silly audit   '@typescript-eslint/project-service': [ '8.49.0' ],
106 silly audit   '@typescript-eslint/scope-manager': [ '8.49.0' ],
106 silly audit   '@typescript-eslint/tsconfig-utils': [ '8.49.0' ],
106 silly audit   '@typescript-eslint/type-utils': [ '8.49.0' ],
106 silly audit   '@typescript-eslint/types': [ '8.49.0' ],
106 silly audit   '@typescript-eslint/typescript-estree': [ '8.49.0' ],
106 silly audit   'brace-expansion': [ '2.0.2', '1.1.12' ],
106 silly audit   minimatch: [ '9.0.5', '3.1.2' ],
106 silly audit   semver: [ '7.7.3', '6.3.1' ],
106 silly audit   '@typescript-eslint/utils': [ '8.49.0' ],
106 silly audit   '@typescript-eslint/visitor-keys': [ '8.49.0' ],
106 silly audit   '@ungap/structured-clone': [ '1.3.0' ],
106 silly audit   '@unrs/resolver-binding-android-arm-eabi': [ '1.11.1' ],
106 silly audit   '@unrs/resolver-binding-android-arm64': [ '1.11.1' ],
106 silly audit   '@unrs/resolver-binding-darwin-arm64': [ '1.11.1' ],
106 silly audit   '@unrs/resolver-binding-darwin-x64': [ '1.11.1' ],
106 silly audit   '@unrs/resolver-binding-freebsd-x64': [ '1.11.1' ],
106 silly audit   '@unrs/resolver-binding-linux-arm-gnueabihf': [ '1.11.1' ],
106 silly audit   '@unrs/resolver-binding-linux-arm-musleabihf': [ '1.11.1' ],
106 silly audit   '@unrs/resolver-binding-linux-arm64-gnu': [ '1.11.1' ],
106 silly audit   '@unrs/resolver-binding-linux-arm64-musl': [ '1.11.1' ],
106 silly audit   '@unrs/resolver-binding-linux-ppc64-gnu': [ '1.11.1' ],
106 silly audit   '@unrs/resolver-binding-linux-riscv64-gnu': [ '1.11.1' ],
106 silly audit   '@unrs/resolver-binding-linux-riscv64-musl': [ '1.11.1' ],
106 silly audit   '@unrs/resolver-binding-linux-s390x-gnu': [ '1.11.1' ],
106 silly audit   '@unrs/resolver-binding-linux-x64-gnu': [ '1.11.1' ],
106 silly audit   '@unrs/resolver-binding-linux-x64-musl': [ '1.11.1' ],
106 silly audit   '@unrs/resolver-binding-wasm32-wasi': [ '1.11.1' ],
106 silly audit   '@unrs/resolver-binding-win32-arm64-msvc': [ '1.11.1' ],
106 silly audit   '@unrs/resolver-binding-win32-ia32-msvc': [ '1.11.1' ],
106 silly audit   '@unrs/resolver-binding-win32-x64-msvc': [ '1.11.1' ],
106 silly audit   acorn: [ '8.15.0' ],
106 silly audit   'acorn-jsx': [ '5.3.2' ],
106 silly audit   ajv: [ '6.12.6' ],
106 silly audit   'ansi-styles': [ '4.3.0' ],
106 silly audit   argparse: [ '2.0.1' ],
106 silly audit   'aria-query': [ '5.3.2' ],
106 silly audit   'array-buffer-byte-length': [ '1.0.2' ],
106 silly audit   'array-includes': [ '3.1.9' ],
106 silly audit   'array.prototype.findlast': [ '1.2.5' ],
106 silly audit   'array.prototype.findlastindex': [ '1.2.6' ],
106 silly audit   'array.prototype.flat': [ '1.3.3' ],
106 silly audit   'array.prototype.flatmap': [ '1.3.3' ],
106 silly audit   'array.prototype.tosorted': [ '1.1.4' ],
106 silly audit   'arraybuffer.prototype.slice': [ '1.0.4' ],
106 silly audit   'ast-types-flow': [ '0.0.8' ],
106 silly audit   'async-function': [ '1.0.0' ],
106 silly audit   'available-typed-arrays': [ '1.0.7' ],
106 silly audit   'axe-core': [ '4.11.0' ],
106 silly audit   'axobject-query': [ '4.1.0' ],
106 silly audit   bail: [ '2.0.2' ],
106 silly audit   'balanced-match': [ '1.0.2' ],
106 silly audit   'baseline-browser-mapping': [ '2.9.7' ],
106 silly audit   braces: [ '3.0.3' ],
106 silly audit   browserslist: [ '4.28.1' ],
106 silly audit   'call-bind': [ '1.0.8' ],
106 silly audit   'call-bind-apply-helpers': [ '1.0.2' ],
106 silly audit   'call-bound': [ '1.0.4' ],
106 silly audit   callsites: [ '3.1.0' ],
106 silly audit   'caniuse-lite': [ '1.0.30001760' ],
106 silly audit   ccount: [ '2.0.1' ],
106 silly audit   chalk: [ '4.1.2' ],
106 silly audit   'character-entities': [ '2.0.2' ],
106 silly audit   'character-entities-html4': [ '2.1.0' ],
106 silly audit   'character-entities-legacy': [ '3.0.0' ],
106 silly audit   'character-reference-invalid': [ '2.0.1' ],
106 silly audit   'client-only': [ '0.0.1' ],
106 silly audit   'color-convert': [ '2.0.1' ],
106 silly audit   'color-name': [ '1.1.4' ],
106 silly audit   'comma-separated-tokens': [ '2.0.3' ],
106 silly audit   'concat-map': [ '0.0.1' ],
106 silly audit   'convert-source-map': [ '2.0.0' ],
106 silly audit   'cross-spawn': [ '7.0.6' ],
106 silly audit   csstype: [ '3.2.3' ],
106 silly audit   'damerau-levenshtein': [ '1.0.8' ],
106 silly audit   'data-view-buffer': [ '1.0.2' ],
106 silly audit   'data-view-byte-length': [ '1.0.2' ],
106 silly audit   'data-view-byte-offset': [ '1.0.1' ],
106 silly audit   debug: [ '4.4.3', '3.2.7' ],
106 silly audit   'decode-named-character-reference': [ '1.2.0' ],
106 silly audit   'deep-is': [ '0.1.4' ],
106 silly audit   'define-data-property': [ '1.1.4' ],
106 silly audit   'define-properties': [ '1.2.1' ],
106 silly audit   dequal: [ '2.0.3' ],
106 silly audit   'detect-libc': [ '2.1.2' ],
106 silly audit   devlop: [ '1.1.0' ],
106 silly audit   doctrine: [ '2.1.0' ],
106 silly audit   'dunder-proto': [ '1.0.1' ],
106 silly audit   'electron-to-chromium': [ '1.5.267' ],
106 silly audit   'emoji-regex': [ '9.2.2' ],
106 silly audit   'enhanced-resolve': [ '5.18.4' ],
106 silly audit   'es-abstract': [ '1.24.1' ],
106 silly audit   'es-define-property': [ '1.0.1' ],
106 silly audit   'es-errors': [ '1.3.0' ],
106 silly audit   'es-iterator-helpers': [ '1.2.1' ],
106 silly audit   'es-object-atoms': [ '1.1.1' ],
106 silly audit   'es-set-tostringtag': [ '2.1.0' ],
106 silly audit   'es-shim-unscopables': [ '1.1.0' ],
106 silly audit   'es-to-primitive': [ '1.3.0' ],
106 silly audit   escalade: [ '3.2.0' ],
106 silly audit   'escape-string-regexp': [ '4.0.0', '5.0.0' ],
106 silly audit   eslint: [ '9.39.2' ],
106 silly audit   'eslint-config-next': [ '16.0.10' ],
106 silly audit   globals: [ '16.4.0', '14.0.0' ],
106 silly audit   'eslint-import-resolver-node': [ '0.3.9' ],
106 silly audit   'eslint-import-resolver-typescript': [ '3.10.1' ],
106 silly audit   'eslint-module-utils': [ '2.12.1' ],
106 silly audit   'eslint-plugin-import': [ '2.32.0' ],
106 silly audit   'eslint-plugin-jsx-a11y': [ '6.10.2' ],
106 silly audit   'eslint-plugin-react': [ '7.37.5' ],
106 silly audit   'eslint-plugin-react-hooks': [ '7.0.1' ],
106 silly audit   resolve: [ '2.0.0-next.5', '1.22.11' ],
106 silly audit   'eslint-scope': [ '8.4.0' ],
106 silly audit   espree: [ '10.4.0' ],
106 silly audit   esquery: [ '1.6.0' ],
106 silly audit   esrecurse: [ '4.3.0' ],
106 silly audit   estraverse: [ '5.3.0' ],
106 silly audit   'estree-util-is-identifier-name': [ '3.0.0' ],
106 silly audit   esutils: [ '2.0.3' ],
106 silly audit   extend: [ '3.0.2' ],
106 silly audit   'fast-deep-equal': [ '3.1.3' ],
106 silly audit   'fast-glob': [ '3.3.1' ],
106 silly audit   'glob-parent': [ '5.1.2', '6.0.2' ],
106 silly audit   'fast-json-stable-stringify': [ '2.1.0' ],
106 silly audit   'fast-levenshtein': [ '2.0.6' ],
106 silly audit   fastq: [ '1.19.1' ],
106 silly audit   'file-entry-cache': [ '8.0.0' ],
106 silly audit   'fill-range': [ '7.1.1' ],
106 silly audit   'find-up': [ '5.0.0' ],
106 silly audit   'flat-cache': [ '4.0.1' ],
106 silly audit   flatted: [ '3.3.3' ],
106 silly audit   'for-each': [ '0.3.5' ],
106 silly audit   'function-bind': [ '1.1.2' ],
106 silly audit   'function.prototype.name': [ '1.1.8' ],
106 silly audit   'functions-have-names': [ '1.2.3' ],
106 silly audit   'generator-function': [ '2.0.1' ],
106 silly audit   gensync: [ '1.0.0-beta.2' ],
106 silly audit   'get-intrinsic': [ '1.3.0' ],
106 silly audit   'get-proto': [ '1.0.1' ],
106 silly audit   'get-symbol-description': [ '1.1.0' ],
106 silly audit   'get-tsconfig': [ '4.13.0' ],
106 silly audit   globalthis: [ '1.0.4' ],
106 silly audit   gopd: [ '1.2.0' ],
106 silly audit   'graceful-fs': [ '4.2.11' ],
106 silly audit   'has-bigints': [ '1.1.0' ],
106 silly audit   'has-flag': [ '4.0.0' ],
106 silly audit   'has-property-descriptors': [ '1.0.2' ],
106 silly audit   'has-proto': [ '1.2.0' ],
106 silly audit   'has-symbols': [ '1.1.0' ],
106 silly audit   'has-tostringtag': [ '1.0.2' ],
106 silly audit   hasown: [ '2.0.2' ],
106 silly audit   'hast-util-to-jsx-runtime': [ '2.3.6' ],
106 silly audit   'hast-util-whitespace': [ '3.0.0' ],
106 silly audit   'hermes-estree': [ '0.25.1' ],
106 silly audit   'hermes-parser': [ '0.25.1' ],
106 silly audit   'html-url-attributes': [ '3.0.1' ],
106 silly audit   'import-fresh': [ '3.3.1' ],
106 silly audit   imurmurhash: [ '0.1.4' ],
106 silly audit   'inline-style-parser': [ '0.2.7' ],
106 silly audit   'internal-slot': [ '1.1.0' ],
106 silly audit   'is-alphabetical': [ '2.0.1' ],
106 silly audit   'is-alphanumerical': [ '2.0.1' ],
106 silly audit   'is-array-buffer': [ '3.0.5' ],
106 silly audit   'is-async-function': [ '2.1.1' ],
106 silly audit   'is-bigint': [ '1.1.0' ],
106 silly audit   'is-boolean-object': [ '1.2.2' ],
106 silly audit   'is-bun-module': [ '2.0.0' ],
106 silly audit   'is-callable': [ '1.2.7' ],
106 silly audit   'is-core-module': [ '2.16.1' ],
106 silly audit   'is-data-view': [ '1.0.2' ],
106 silly audit   'is-date-object': [ '1.1.0' ],
106 silly audit   'is-decimal': [ '2.0.1' ],
106 silly audit   'is-extglob': [ '2.1.1' ],
106 silly audit   'is-finalizationregistry': [ '1.1.1' ],
106 silly audit   'is-generator-function': [ '1.1.2' ],
106 silly audit   'is-glob': [ '4.0.3' ],
106 silly audit   'is-hexadecimal': [ '2.0.1' ],
106 silly audit   'is-map': [ '2.0.3' ],
106 silly audit   'is-negative-zero': [ '2.0.3' ],
106 silly audit   'is-number': [ '7.0.0' ],
106 silly audit   'is-number-object': [ '1.1.1' ],
106 silly audit   'is-plain-obj': [ '4.1.0' ],
106 silly audit   'is-regex': [ '1.2.1' ],
106 silly audit   'is-set': [ '2.0.3' ],
106 silly audit   'is-shared-array-buffer': [ '1.0.4' ],
106 silly audit   'is-string': [ '1.1.1' ],
106 silly audit   'is-symbol': [ '1.1.1' ],
106 silly audit   'is-typed-array': [ '1.1.15' ],
106 silly audit   'is-weakmap': [ '2.0.2' ],
106 silly audit   'is-weakref': [ '1.1.1' ],
106 silly audit   'is-weakset': [ '2.0.4' ],
106 silly audit   isarray: [ '2.0.5' ],
106 silly audit   isexe: [ '2.0.0' ],
106 silly audit   'iterator.prototype': [ '1.1.5' ],
106 silly audit   jiti: [ '2.6.1' ],
106 silly audit   'js-tokens': [ '4.0.0' ],
106 silly audit   'js-yaml': [ '4.1.1' ],
106 silly audit   jsesc: [ '3.1.0' ],
106 silly audit   'json-buffer': [ '3.0.1' ],
106 silly audit   'json-schema-traverse': [ '0.4.1' ],
106 silly audit   'json-stable-stringify-without-jsonify': [ '1.0.1' ],
106 silly audit   json5: [ '2.2.3', '1.0.2' ],
106 silly audit   'jsx-ast-utils': [ '3.3.5' ],
106 silly audit   keyv: [ '4.5.4' ],
106 silly audit   'language-subtag-registry': [ '0.3.23' ],
106 silly audit   'language-tags': [ '1.0.9' ],
106 silly audit   levn: [ '0.4.1' ],
106 silly audit   lightningcss: [ '1.30.2' ],
106 silly audit   'lightningcss-android-arm64': [ '1.30.2' ],
106 silly audit   'lightningcss-darwin-arm64': [ '1.30.2' ],
106 silly audit   'lightningcss-darwin-x64': [ '1.30.2' ],
106 silly audit   'lightningcss-freebsd-x64': [ '1.30.2' ],
106 silly audit   'lightningcss-linux-arm-gnueabihf': [ '1.30.2' ],
106 silly audit   'lightningcss-linux-arm64-gnu': [ '1.30.2' ],
106 silly audit   'lightningcss-linux-arm64-musl': [ '1.30.2' ],
106 silly audit   'lightningcss-linux-x64-gnu': [ '1.30.2' ],
106 silly audit   'lightningcss-linux-x64-musl': [ '1.30.2' ],
106 silly audit   'lightningcss-win32-arm64-msvc': [ '1.30.2' ],
106 silly audit   'lightningcss-win32-x64-msvc': [ '1.30.2' ],
106 silly audit   'locate-path': [ '6.0.0' ],
106 silly audit   'lodash.merge': [ '4.6.2' ],
106 silly audit   'longest-streak': [ '3.1.0' ],
106 silly audit   'loose-envify': [ '1.4.0' ],
106 silly audit   'lru-cache': [ '5.1.1' ],
106 silly audit   'magic-string': [ '0.30.21' ],
106 silly audit   'math-intrinsics': [ '1.1.0' ],
106 silly audit   'mdast-util-from-markdown': [ '2.0.2' ],
106 silly audit   'mdast-util-mdx-expression': [ '2.0.1' ],
106 silly audit   'mdast-util-mdx-jsx': [ '3.2.0' ],
106 silly audit   'mdast-util-mdxjs-esm': [ '2.0.1' ],
106 silly audit   'mdast-util-phrasing': [ '4.1.0' ],
106 silly audit   'mdast-util-to-hast': [ '13.2.1' ],
106 silly audit   'mdast-util-to-markdown': [ '2.1.2' ],
106 silly audit   'mdast-util-to-string': [ '4.0.0' ],
106 silly audit   merge2: [ '1.4.1' ],
106 silly audit   micromark: [ '4.0.2' ],
106 silly audit   'micromark-core-commonmark': [ '2.0.3' ],
106 silly audit   'micromark-factory-destination': [ '2.0.1' ],
106 silly audit   'micromark-factory-label': [ '2.0.1' ],
106 silly audit   'micromark-factory-space': [ '2.0.1' ],
106 silly audit   'micromark-factory-title': [ '2.0.1' ],
106 silly audit   'micromark-factory-whitespace': [ '2.0.1' ],
106 silly audit   'micromark-util-character': [ '2.1.1' ],
106 silly audit   'micromark-util-chunked': [ '2.0.1' ],
106 silly audit   'micromark-util-classify-character': [ '2.0.1' ],
106 silly audit   'micromark-util-combine-extensions': [ '2.0.1' ],
106 silly audit   'micromark-util-decode-numeric-character-reference': [ '2.0.2' ],
106 silly audit   'micromark-util-decode-string': [ '2.0.1' ],
106 silly audit   'micromark-util-encode': [ '2.0.1' ],
106 silly audit   'micromark-util-html-tag-name': [ '2.0.1' ],
106 silly audit   'micromark-util-normalize-identifier': [ '2.0.1' ],
106 silly audit   'micromark-util-resolve-all': [ '2.0.1' ],
106 silly audit   'micromark-util-sanitize-uri': [ '2.0.1' ],
106 silly audit   'micromark-util-subtokenize': [ '2.1.0' ],
106 silly audit   'micromark-util-symbol': [ '2.0.1' ],
106 silly audit   'micromark-util-types': [ '2.0.2' ],
106 silly audit   micromatch: [ '4.0.8' ],
106 silly audit   minimist: [ '1.2.8' ],
106 silly audit   ms: [ '2.1.3' ],
106 silly audit   nanoid: [ '3.3.11' ],
106 silly audit   'napi-postinstall': [ '0.3.4' ],
106 silly audit   'natural-compare': [ '1.4.0' ],
106 silly audit   next: [ '16.0.10' ],
106 silly audit   postcss: [ '8.4.31', '8.5.6' ],
106 silly audit   'node-releases': [ '2.0.27' ],
106 silly audit   'object-assign': [ '4.1.1' ],
106 silly audit   'object-inspect': [ '1.13.4' ],
106 silly audit   'object-keys': [ '1.1.1' ],
106 silly audit   'object.assign': [ '4.1.7' ],
106 silly audit   'object.entries': [ '1.1.9' ],
106 silly audit   'object.fromentries': [ '2.0.8' ],
106 silly audit   'object.groupby': [ '1.0.3' ],
106 silly audit   'object.values': [ '1.2.1' ],
106 silly audit   optionator: [ '0.9.4' ],
106 silly audit   'own-keys': [ '1.0.1' ],
106 silly audit   'p-limit': [ '3.1.0' ],
106 silly audit   'p-locate': [ '5.0.0' ],
106 silly audit   'parent-module': [ '1.0.1' ],
106 silly audit   'parse-entities': [ '4.0.2' ],
106 silly audit   'path-exists': [ '4.0.0' ],
106 silly audit   'path-key': [ '3.1.1' ],
106 silly audit   'path-parse': [ '1.0.7' ],
106 silly audit   picocolors: [ '1.1.1' ],
106 silly audit   picomatch: [ '2.3.1', '4.0.3' ],
106 silly audit   'possible-typed-array-names': [ '1.1.0' ],
106 silly audit   'prelude-ls': [ '1.2.1' ],
106 silly audit   'prop-types': [ '15.8.1' ],
106 silly audit   'property-information': [ '7.1.0' ],
106 silly audit   punycode: [ '2.3.1' ],
106 silly audit   'queue-microtask': [ '1.2.3' ],
106 silly audit   react: [ '19.2.1' ],
106 silly audit   'react-dom': [ '19.2.1' ],
106 silly audit   'react-is': [ '16.13.1' ],
106 silly audit   'react-markdown': [ '10.1.0' ],
106 silly audit   'reflect.getprototypeof': [ '1.0.10' ],
106 silly audit   'regexp.prototype.flags': [ '1.5.4' ],
106 silly audit   'remark-parse': [ '11.0.0' ],
106 silly audit   'remark-rehype': [ '11.1.2' ],
106 silly audit   'resolve-from': [ '4.0.0' ],
106 silly audit   'resolve-pkg-maps': [ '1.0.0' ],
106 silly audit   reusify: [ '1.1.0' ],
106 silly audit   'run-parallel': [ '1.2.0' ],
106 silly audit   'safe-array-concat': [ '1.1.3' ],
106 silly audit   'safe-push-apply': [ '1.0.0' ],
106 silly audit   'safe-regex-test': [ '1.1.0' ],
106 silly audit   scheduler: [ '0.27.0' ],
106 silly audit   'set-function-length': [ '1.2.2' ],
106 silly audit   'set-function-name': [ '2.0.2' ],
106 silly audit   'set-proto': [ '1.0.0' ],
106 silly audit   sharp: [ '0.34.5' ],
106 silly audit   'shebang-command': [ '2.0.0' ],
106 silly audit   'shebang-regex': [ '3.0.0' ],
106 silly audit   'side-channel': [ '1.1.0' ],
106 silly audit   'side-channel-list': [ '1.0.0' ],
106 silly audit   'side-channel-map': [ '1.0.1' ],
106 silly audit   'side-channel-weakmap': [ '1.0.2' ],
106 silly audit   'source-map-js': [ '1.2.1' ],
106 silly audit   'space-separated-tokens': [ '2.0.2' ],
106 silly audit   'stable-hash': [ '0.0.5' ],
106 silly audit   'stop-iteration-iterator': [ '1.1.0' ],
106 silly audit   'string.prototype.includes': [ '2.0.1' ],
106 silly audit   'string.prototype.matchall': [ '4.0.12' ],
106 silly audit   'string.prototype.repeat': [ '1.0.0' ],
106 silly audit   'string.prototype.trim': [ '1.2.10' ],
106 silly audit   'string.prototype.trimend': [ '1.0.9' ],
106 silly audit   'string.prototype.trimstart': [ '1.0.8' ],
106 silly audit   'stringify-entities': [ '4.0.4' ],
106 silly audit   'strip-bom': [ '3.0.0' ],
106 silly audit   'strip-json-comments': [ '3.1.1' ],
106 silly audit   'style-to-js': [ '1.1.21' ],
106 silly audit   'style-to-object': [ '1.0.14' ],
106 silly audit   'styled-jsx': [ '5.1.6' ],
106 silly audit   'supports-color': [ '7.2.0' ],
106 silly audit   'supports-preserve-symlinks-flag': [ '1.0.0' ],
106 silly audit   tailwindcss: [ '4.1.18' ],
106 silly audit   tapable: [ '2.3.0' ],
106 silly audit   tinyglobby: [ '0.2.15' ],
106 silly audit   fdir: [ '6.5.0' ],
106 silly audit   'to-regex-range': [ '5.0.1' ],
106 silly audit   'trim-lines': [ '3.0.1' ],
106 silly audit   trough: [ '2.2.0' ],
106 silly audit   'ts-api-utils': [ '2.1.0' ],
106 silly audit   'tsconfig-paths': [ '3.15.0' ],
106 silly audit   'type-check': [ '0.4.0' ],
106 silly audit   'typed-array-buffer': [ '1.0.3' ],
106 silly audit   'typed-array-byte-length': [ '1.0.3' ],
106 silly audit   'typed-array-byte-offset': [ '1.0.4' ],
106 silly audit   'typed-array-length': [ '1.0.7' ],
106 silly audit   typescript: [ '5.9.3' ],
106 silly audit   'typescript-eslint': [ '8.49.0' ],
106 silly audit   'unbox-primitive': [ '1.1.0' ],
106 silly audit   'undici-types': [ '6.21.0' ],
106 silly audit   unified: [ '11.0.5' ],
106 silly audit   'unist-util-is': [ '6.0.1' ],
106 silly audit   'unist-util-position': [ '5.0.0' ],
106 silly audit   'unist-util-stringify-position': [ '4.0.0' ],
106 silly audit   'unist-util-visit': [ '5.0.0' ],
106 silly audit   'unist-util-visit-parents': [ '6.0.2' ],
106 silly audit   'unrs-resolver': [ '1.11.1' ],
106 silly audit   'update-browserslist-db': [ '1.2.2' ],
106 silly audit   'uri-js': [ '4.4.1' ],
106 silly audit   vfile: [ '6.0.3' ],
106 silly audit   'vfile-message': [ '4.0.3' ],
106 silly audit   which: [ '2.0.2' ],
106 silly audit   'which-boxed-primitive': [ '1.1.1' ],
106 silly audit   'which-builtin-type': [ '1.2.1' ],
106 silly audit   'which-collection': [ '1.0.2' ],
106 silly audit   'which-typed-array': [ '1.1.19' ],
106 silly audit   'word-wrap': [ '1.2.5' ],
106 silly audit   yallist: [ '3.1.1' ],
106 silly audit   'yocto-queue': [ '0.1.0' ],
106 silly audit   zod: [ '4.1.13' ],
106 silly audit   'zod-validation-error': [ '4.0.2' ],
106 silly audit   zwitch: [ '2.0.4' ],
106 silly audit   'remark-gfm': [ '4.0.1' ],
106 silly audit   'mdast-util-gfm': [ '3.1.0' ],
106 silly audit   'micromark-extension-gfm': [ '3.0.0' ],
106 silly audit   'remark-stringify': [ '11.0.0' ],
106 silly audit   'mdast-util-gfm-autolink-literal': [ '2.0.1' ],
106 silly audit   'mdast-util-gfm-footnote': [ '2.1.0' ],
106 silly audit   'mdast-util-gfm-strikethrough': [ '2.0.0' ],
106 silly audit   'mdast-util-gfm-table': [ '2.0.0' ],
106 silly audit   'mdast-util-gfm-task-list-item': [ '2.0.0' ],
106 silly audit   'mdast-util-find-and-replace': [ '3.0.2' ],
106 silly audit   'markdown-table': [ '3.0.4' ],
106 silly audit   'micromark-extension-gfm-autolink-literal': [ '2.1.0' ],
106 silly audit   'micromark-extension-gfm-footnote': [ '2.1.0' ],
106 silly audit   'micromark-extension-gfm-strikethrough': [ '2.1.0' ],
106 silly audit   'micromark-extension-gfm-table': [ '2.1.1' ],
106 silly audit   'micromark-extension-gfm-tagfilter': [ '2.0.0' ],
106 silly audit   'micromark-extension-gfm-task-list-item': [ '2.1.0' ]
106 silly audit }
107 http cache micromark-extension-gfm-task-list-item@https://registry.npmjs.org/micromark-extension-gfm-task-list-item/-/micromark-extension-gfm-task-list-item-2.1.0.tgz 0ms (cache hit)
108 http cache micromark-extension-gfm-tagfilter@https://registry.npmjs.org/micromark-extension-gfm-tagfilter/-/micromark-extension-gfm-tagfilter-2.0.0.tgz 0ms (cache hit)
109 http cache micromark-extension-gfm-table@https://registry.npmjs.org/micromark-extension-gfm-table/-/micromark-extension-gfm-table-2.1.1.tgz 0ms (cache hit)
110 http cache micromark-extension-gfm-strikethrough@https://registry.npmjs.org/micromark-extension-gfm-strikethrough/-/micromark-extension-gfm-strikethrough-2.1.0.tgz 0ms (cache hit)
111 http cache micromark-extension-gfm-footnote@https://registry.npmjs.org/micromark-extension-gfm-footnote/-/micromark-extension-gfm-footnote-2.1.0.tgz 1ms (cache hit)
112 http cache markdown-table@https://registry.npmjs.org/markdown-table/-/markdown-table-3.0.4.tgz 0ms (cache hit)
113 http cache mdast-util-gfm-task-list-item@https://registry.npmjs.org/mdast-util-gfm-task-list-item/-/mdast-util-gfm-task-list-item-2.0.0.tgz 0ms (cache hit)
114 http cache mdast-util-find-and-replace@https://registry.npmjs.org/mdast-util-find-and-replace/-/mdast-util-find-and-replace-3.0.2.tgz 1ms (cache hit)
115 http cache mdast-util-gfm-table@https://registry.npmjs.org/mdast-util-gfm-table/-/mdast-util-gfm-table-2.0.0.tgz 0ms (cache hit)
116 http cache mdast-util-gfm-footnote@https://registry.npmjs.org/mdast-util-gfm-footnote/-/mdast-util-gfm-footnote-2.1.0.tgz 0ms (cache hit)
117 http cache mdast-util-gfm-strikethrough@https://registry.npmjs.org/mdast-util-gfm-strikethrough/-/mdast-util-gfm-strikethrough-2.0.0.tgz 0ms (cache hit)
118 http cache mdast-util-gfm-autolink-literal@https://registry.npmjs.org/mdast-util-gfm-autolink-literal/-/mdast-util-gfm-autolink-literal-2.0.1.tgz 0ms (cache hit)
119 http cache micromark-extension-gfm@https://registry.npmjs.org/micromark-extension-gfm/-/micromark-extension-gfm-3.0.0.tgz 0ms (cache hit)
120 http cache remark-stringify@https://registry.npmjs.org/remark-stringify/-/remark-stringify-11.0.0.tgz 0ms (cache hit)
121 http cache micromark-extension-gfm-autolink-literal@https://registry.npmjs.org/micromark-extension-gfm-autolink-literal/-/micromark-extension-gfm-autolink-literal-2.1.0.tgz 0ms (cache hit)
122 http cache mdast-util-gfm@https://registry.npmjs.org/mdast-util-gfm/-/mdast-util-gfm-3.1.0.tgz 0ms (cache hit)
123 http cache remark-gfm@https://registry.npmjs.org/remark-gfm/-/remark-gfm-4.0.1.tgz 0ms (cache hit)
124 http cache escape-string-regexp@https://registry.npmjs.org/escape-string-regexp/-/escape-string-regexp-5.0.0.tgz 0ms (cache hit)
125 silly tarball no local data for micromark-extension-gfm-task-list-item@https://registry.npmjs.org/micromark-extension-gfm-task-list-item/-/micromark-extension-gfm-task-list-item-2.1.0.tgz. Extracting by manifest.
126 silly tarball no local data for micromark-extension-gfm-tagfilter@https://registry.npmjs.org/micromark-extension-gfm-tagfilter/-/micromark-extension-gfm-tagfilter-2.0.0.tgz. Extracting by manifest.
127 silly tarball no local data for micromark-extension-gfm-table@https://registry.npmjs.org/micromark-extension-gfm-table/-/micromark-extension-gfm-table-2.1.1.tgz. Extracting by manifest.
128 silly tarball no local data for micromark-extension-gfm-strikethrough@https://registry.npmjs.org/micromark-extension-gfm-strikethrough/-/micromark-extension-gfm-strikethrough-2.1.0.tgz. Extracting by manifest.
129 silly tarball no local data for micromark-extension-gfm-footnote@https://registry.npmjs.org/micromark-extension-gfm-footnote/-/micromark-extension-gfm-footnote-2.1.0.tgz. Extracting by manifest.
130 silly tarball no local data for markdown-table@https://registry.npmjs.org/markdown-table/-/markdown-table-3.0.4.tgz. Extracting by manifest.
131 silly tarball no local data for mdast-util-gfm-task-list-item@https://registry.npmjs.org/mdast-util-gfm-task-list-item/-/mdast-util-gfm-task-list-item-2.0.0.tgz. Extracting by manifest.
132 silly tarball no local data for mdast-util-find-and-replace@https://registry.npmjs.org/mdast-util-find-and-replace/-/mdast-util-find-and-replace-3.0.2.tgz. Extracting by manifest.
133 silly tarball no local data for mdast-util-gfm-table@https://registry.npmjs.org/mdast-util-gfm-table/-/mdast-util-gfm-table-2.0.0.tgz. Extracting by manifest.
134 silly tarball no local data for mdast-util-gfm-footnote@https://registry.npmjs.org/mdast-util-gfm-footnote/-/mdast-util-gfm-footnote-2.1.0.tgz. Extracting by manifest.
135 silly tarball no local data for mdast-util-gfm-strikethrough@https://registry.npmjs.org/mdast-util-gfm-strikethrough/-/mdast-util-gfm-strikethrough-2.0.0.tgz. Extracting by manifest.
136 silly tarball no local data for mdast-util-gfm-autolink-literal@https://registry.npmjs.org/mdast-util-gfm-autolink-literal/-/mdast-util-gfm-autolink-literal-2.0.1.tgz. Extracting by manifest.
137 silly tarball no local data for micromark-extension-gfm@https://registry.npmjs.org/micromark-extension-gfm/-/micromark-extension-gfm-3.0.0.tgz. Extracting by manifest.
138 silly tarball no local data for remark-stringify@https://registry.npmjs.org/remark-stringify/-/remark-stringify-11.0.0.tgz. Extracting by manifest.
139 silly tarball no local data for micromark-extension-gfm-autolink-literal@https://registry.npmjs.org/micromark-extension-gfm-autolink-literal/-/micromark-extension-gfm-autolink-literal-2.1.0.tgz. Extracting by manifest.
140 silly tarball no local data for mdast-util-gfm@https://registry.npmjs.org/mdast-util-gfm/-/mdast-util-gfm-3.1.0.tgz. Extracting by manifest.
141 silly tarball no local data for remark-gfm@https://registry.npmjs.org/remark-gfm/-/remark-gfm-4.0.1.tgz. Extracting by manifest.
142 silly tarball no local data for escape-string-regexp@https://registry.npmjs.org/escape-string-regexp/-/escape-string-regexp-5.0.0.tgz. Extracting by manifest.
143 http fetch GET 200 https://registry.npmjs.org/mdast-util-gfm-table/-/mdast-util-gfm-table-2.0.0.tgz 149ms (cache miss)
144 http fetch GET 200 https://registry.npmjs.org/mdast-util-gfm-footnote/-/mdast-util-gfm-footnote-2.1.0.tgz 151ms (cache miss)
145 http fetch GET 200 https://registry.npmjs.org/mdast-util-find-and-replace/-/mdast-util-find-and-replace-3.0.2.tgz 155ms (cache miss)
146 http fetch GET 200 https://registry.npmjs.org/markdown-table/-/markdown-table-3.0.4.tgz 161ms (cache miss)
147 http fetch GET 200 https://registry.npmjs.org/micromark-extension-gfm-tagfilter/-/micromark-extension-gfm-tagfilter-2.0.0.tgz 166ms (cache miss)
148 http fetch GET 200 https://registry.npmjs.org/mdast-util-gfm-task-list-item/-/mdast-util-gfm-task-list-item-2.0.0.tgz 175ms (cache miss)
149 http fetch GET 200 https://registry.npmjs.org/escape-string-regexp/-/escape-string-regexp-5.0.0.tgz 168ms (cache miss)
150 http fetch GET 200 https://registry.npmjs.org/mdast-util-gfm/-/mdast-util-gfm-3.1.0.tgz 195ms (cache miss)
151 http fetch GET 200 https://registry.npmjs.org/remark-gfm/-/remark-gfm-4.0.1.tgz 209ms (cache miss)
152 http fetch POST 200 https://registry.npmjs.org/-/npm/v1/security/advisories/bulk 246ms
153 silly audit report {}
154 http fetch GET 200 https://registry.npmjs.org/mdast-util-gfm-strikethrough/-/mdast-util-gfm-strikethrough-2.0.0.tgz 228ms (cache miss)
155 http fetch GET 200 https://registry.npmjs.org/micromark-extension-gfm-strikethrough/-/micromark-extension-gfm-strikethrough-2.1.0.tgz 234ms (cache miss)
156 http fetch GET 200 https://registry.npmjs.org/micromark-extension-gfm-task-list-item/-/micromark-extension-gfm-task-list-item-2.1.0.tgz 237ms (cache miss)
157 http fetch GET 200 https://registry.npmjs.org/micromark-extension-gfm/-/micromark-extension-gfm-3.0.0.tgz 237ms (cache miss)
158 http fetch GET 200 https://registry.npmjs.org/remark-stringify/-/remark-stringify-11.0.0.tgz 239ms (cache miss)
159 http fetch GET 200 https://registry.npmjs.org/mdast-util-gfm-autolink-literal/-/mdast-util-gfm-autolink-literal-2.0.1.tgz 246ms (cache miss)
160 http fetch GET 200 https://registry.npmjs.org/micromark-extension-gfm-autolink-literal/-/micromark-extension-gfm-autolink-literal-2.1.0.tgz 244ms (cache miss)
161 http fetch GET 200 https://registry.npmjs.org/micromark-extension-gfm-footnote/-/micromark-extension-gfm-footnote-2.1.0.tgz 254ms (cache miss)
162 http fetch GET 200 https://registry.npmjs.org/micromark-extension-gfm-table/-/micromark-extension-gfm-table-2.1.1.tgz 282ms (cache miss)
163 silly ADD node_modules/micromark-extension-gfm-task-list-item
164 silly ADD node_modules/micromark-extension-gfm-tagfilter
165 silly ADD node_modules/micromark-extension-gfm-table
166 silly ADD node_modules/micromark-extension-gfm-strikethrough
167 silly ADD node_modules/micromark-extension-gfm-footnote
168 silly ADD node_modules/micromark-extension-gfm-autolink-literal
169 silly ADD node_modules/markdown-table
170 silly ADD node_modules/mdast-util-find-and-replace
171 silly ADD node_modules/mdast-util-find-and-replace/node_modules/escape-string-regexp
172 silly ADD node_modules/mdast-util-gfm-task-list-item
173 silly ADD node_modules/mdast-util-gfm-table
174 silly ADD node_modules/mdast-util-gfm-strikethrough
175 silly ADD node_modules/mdast-util-gfm-footnote
176 silly ADD node_modules/mdast-util-gfm-autolink-literal
177 silly ADD node_modules/remark-stringify
178 silly ADD node_modules/micromark-extension-gfm
179 silly ADD node_modules/mdast-util-gfm
180 silly ADD node_modules/remark-gfm
181 verbose cwd /home/marcel/src/o-ojcu
182 verbose os Linux 6.6.87.2-microsoft-standard-WSL2
183 verbose node v24.11.0
184 verbose npm  v11.6.1
185 notice
185 notice New minor version of npm available! 11.6.1 -> 11.7.0
185 notice Changelog: https://github.com/npm/cli/releases/tag/v11.7.0
185 notice To update run: npm install -g npm@11.7.0
185 notice  { force: true, Symbol(proc-log.meta): true }
186 verbose exit 0
187 info ok
